[debug] [2021-07-01T06:06:46.896Z] ----------------------------------------------------------------------
[debug] [2021-07-01T06:06:46.903Z] Command:       C:\Program Files\nodejs\node.exe C:\Users\pc\AppData\Roaming\npm\node_modules\firebase-tools\lib\bin\firebase.js init
[debug] [2021-07-01T06:06:46.904Z] CLI Version:   9.14.0
[debug] [2021-07-01T06:06:46.905Z] Platform:      win32
[debug] [2021-07-01T06:06:46.905Z] Node Version:  v14.15.5
[debug] [2021-07-01T06:06:46.910Z] Time:          Thu Jul 01 2021 14:06:46 GMT+0800 (Singapore Standard Time)
[debug] [2021-07-01T06:06:46.910Z] ----------------------------------------------------------------------
[debug] 
[debug] [2021-07-01T06:06:46.952Z] > command requires scopes: ["email","openid","https://www.googleapis.com/auth/cloudplatformprojects.readonly","https://www.googleapis.com/auth/firebase","https://www.googleapis.com/auth/cloud-platform"]
[debug] [2021-07-01T06:06:46.953Z] > authorizing via signed-in user (reymart@ctoglobal.co)
[info] 
     ######## #### ########  ######## ########     ###     ######  ########
     ##        ##  ##     ## ##       ##     ##  ##   ##  ##       ##
     ######    ##  ########  ######   ########  #########  ######  ######
     ##        ##  ##    ##  ##       ##     ## ##     ##       ## ##
     ##       #### ##     ## ######## ########  ##     ##  ######  ########

You're about to initialize a Firebase project in this directory:

  C:\Users\pc\desktop\Side-Projects\Bords_GC\chat-app

Before we get started, keep in mind:

  * You are initializing within an existing Firebase project directory

[info] 
=== Project Setup
[info] 
[info] First, let's associate this project directory with a Firebase project.
[info] You can create multiple project aliases by running firebase use --add, 
[info] but for now we'll just set up a default project.
[info] 
[info] i  .firebaserc already has a default project, using bordsgc. 
[debug] [2021-07-01T06:06:58.788Z] > refreshing access token with scopes: []
[debug] [2021-07-01T06:06:58.799Z] >>> HTTP REQUEST POST https://www.googleapis.com/oauth2/v3/token  
 <request body omitted>
[debug] [2021-07-01T06:06:59.100Z] <<< HTTP RESPONSE 200 {"date":"Thu, 01 Jul 2021 06:06:59 GMT","cache-control":"no-cache, no-store, max-age=0, must-revalidate","expires":"Mon, 01 Jan 1990 00:00:00 GMT","pragma":"no-cache","content-type":"application/json; charset=utf-8","vary":"X-Origin, Referer, Origin,Accept-Encoding","server":"scaffolding on HTTPServer2","x-xss-protection":"0","x-frame-options":"SAMEORIGIN","x-content-type-options":"nosniff","alt-svc":"h3=\":443\"; ma=2592000,h3-29=\":443\"; ma=2592000,h3-T051=\":443\"; ma=2592000,h3-Q050=\":443\"; ma=2592000,h3-Q046=\":443\"; ma=2592000,h3-Q043=\":443\"; ma=2592000,quic=\":443\"; ma=2592000; v=\"46,43\"","accept-ranges":"none","transfer-encoding":"chunked"}
[debug] [2021-07-01T06:06:59.131Z] >>> [apiv2][query] GET https://firebase.googleapis.com/v1beta1/projects/bordsgc [none]
[debug] [2021-07-01T06:06:59.666Z] <<< [apiv2][status] GET https://firebase.googleapis.com/v1beta1/projects/bordsgc 200
[debug] [2021-07-01T06:06:59.667Z] <<< [apiv2][body] GET https://firebase.googleapis.com/v1beta1/projects/bordsgc {"projectId":"bordsgc","projectNumber":"876876904361","displayName":"BordsGC","name":"projects/bordsgc","resources":{"hostingSite":"bordsgc","storageBucket":"bordsgc.appspot.com","locationId":"us-central"},"state":"ACTIVE"}
[info] 
=== Hosting Setup
[info] 
[info] Your public directory is the folder (relative to your project directory) that
[info] will contain Hosting assets to be uploaded with firebase deploy. If you
[info] have a build process for your assets, use your build's output directory.
[info] 
[debug] [2021-07-01T06:08:21.867Z] >>> [apiv2][query] GET https://www.gstatic.com/firebasejs/releases.json [none]
[debug] [2021-07-01T06:08:22.008Z] <<< [apiv2][status] GET https://www.gstatic.com/firebasejs/releases.json 200
[debug] [2021-07-01T06:08:22.008Z] <<< [apiv2][body] GET https://www.gstatic.com/firebasejs/releases.json {"current":{"version":"8.6.8","browserURL":"https://www.gstatic.com/firebasejs/8.6.8/firebase.js","packageURL":"https://www.gstatic.com/firebasejs/8.6.8/firebase.tgz"},"live":{"version":"8.6","browserURL":"https://www.gstatic.com/firebasejs/live/8.6/firebase.js","packageURL":"https://www.gstatic.com/firebasejs/live/8.6/firebase.tgz"},"components":{"analytics":"https://www.gstatic.com/firebasejs/8.6.8/firebase-analytics.js","app":"https://www.gstatic.com/firebasejs/8.6.8/firebase-app.js","app-check":"https://www.gstatic.com/firebasejs/8.6.8/firebase-app-check.js","auth":"https://www.gstatic.com/firebasejs/8.6.8/firebase-auth.js","database":"https://www.gstatic.com/firebasejs/8.6.8/firebase-database.js","firestore":"https://www.gstatic.com/firebasejs/8.6.8/firebase-firestore.js","functions":"https://www.gstatic.com/firebasejs/8.6.8/firebase-functions.js","installations":"https://www.gstatic.com/firebasejs/8.6.8/firebase-installations.js","messaging":"https://www.gstatic.com/firebasejs/8.6.8/firebase-messaging.js","storage":"https://www.gstatic.com/firebasejs/8.6.8/firebase-storage.js","performance":"https://www.gstatic.com/firebasejs/8.6.8/firebase-performance.js","remote-config":"https://www.gstatic.com/firebasejs/8.6.8/firebase-remote-config.js","firestore.memory":"https://www.gstatic.com/firebasejs/8.6.8/firebase-firestore.memory.js"}}
[info] +  Wrote public/index.html 
[info] 
[info] i  Detected a .git folder at C:\Users\pc\desktop\Side-Projects\Bords_GC\chat-app 
[info] i  Authorizing with GitHub to upload your service account to a GitHub repository's secrets store. 
[info] 
[info] Visit this URL on this device to log in:
[info] https://github.com/login/oauth/authorize?client_id=89cf50f02ac6aaed3484&state=637890362&redirect_uri=http%3A%2F%2Flocalhost%3A9005&scope=read%3Auser%20repo%20public_repo
[info] 
[info] Waiting for authentication...
[debug] [2021-07-01T06:08:29.010Z] >>> HTTP REQUEST POST https://github.com/login/oauth/access_token  
 {"client_id":"89cf50f02ac6aaed3484","client_secret":"3330d14abc895d9a74d5f17cd7a00711fa2c5bf0","code":"68a8300e8a9c608bf0a0","redirect_uri":"http://localhost:9005","state":"637890362"}
[debug] [2021-07-01T06:08:29.494Z] <<< HTTP RESPONSE 200 {"server":"GitHub.com","date":"Thu, 01 Jul 2021 06:08:29 GMT","content-type":"application/json; charset=utf-8","transfer-encoding":"chunked","vary":"X-PJAX, Accept-Encoding, Accept, X-Requested-With","permissions-policy":"interest-cohort=()","etag":"W/\"3e85320b7b685254a675011ef0cbb21f\"","cache-control":"max-age=0, private, must-revalidate","strict-transport-security":"max-age=31536000; includeSubdomains; preload","x-frame-options":"deny","x-content-type-options":"nosniff","x-xss-protection":"0","referrer-policy":"origin-when-cross-origin, strict-origin-when-cross-origin","expect-ct":"max-age=2592000, report-uri=\"https://api.github.com/_private/browser/errors\"","content-security-policy":"default-src 'none'; base-uri 'self'; block-all-mixed-content; connect-src 'self' uploads.github.com www.githubstatus.com collector.githubapp.com api.github.com github-cloud.s3.amazonaws.com github-production-repository-file-5c1aeb.s3.amazonaws.com github-production-upload-manifest-file-7fdce7.s3.amazonaws.com github-production-user-asset-6210df.s3.amazonaws.com cdn.optimizely.com logx.optimizely.com/v1/events translator.github.com wss://alive.github.com; font-src github.githubassets.com; form-action 'self' github.com gist.github.com; frame-ancestors 'none'; frame-src render.githubusercontent.com render-temp.githubusercontent.com viewscreen.githubusercontent.com; img-src 'self' data: github.githubassets.com identicons.github.com collector.githubapp.com github-cloud.s3.amazonaws.com secured-user-images.githubusercontent.com/ *.githubusercontent.com; manifest-src 'self'; media-src 'none'; script-src github.githubassets.com; style-src 'unsafe-inline' github.githubassets.com; worker-src github.com/socket-worker-3f088aa2.js gist.github.com/socket-worker-3f088aa2.js","x-github-request-id":"5519:5474:2B28DF:302789:60DD5BDD"}
[debug] [2021-07-01T06:08:29.503Z] >>> [apiv2][query] GET https://api.github.com/user [none]
[debug] [2021-07-01T06:08:30.019Z] <<< [apiv2][status] GET https://api.github.com/user 200
[debug] [2021-07-01T06:08:30.019Z] <<< [apiv2][body] GET https://api.github.com/user {"login":"Mart-007","id":62002257,"node_id":"MDQ6VXNlcjYyMDAyMjU3","avatar_url":"https://avatars.githubusercontent.com/u/62002257?v=4","gravatar_id":"","url":"https://api.github.com/users/Mart-007","html_url":"https://github.com/Mart-007","followers_url":"https://api.github.com/users/Mart-007/followers","following_url":"https://api.github.com/users/Mart-007/following{/other_user}","gists_url":"https://api.github.com/users/Mart-007/gists{/gist_id}","starred_url":"https://api.github.com/users/Mart-007/starred{/owner}{/repo}","subscriptions_url":"https://api.github.com/users/Mart-007/subscriptions","organizations_url":"https://api.github.com/users/Mart-007/orgs","repos_url":"https://api.github.com/users/Mart-007/repos","events_url":"https://api.github.com/users/Mart-007/events{/privacy}","received_events_url":"https://api.github.com/users/Mart-007/received_events","type":"User","site_admin":false,"name":"Reymart Bordo","company":null,"blog":"","location":null,"email":null,"hireable":null,"bio":"Software Developer","twitter_username":null,"public_repos":49,"public_gists":0,"followers":6,"following":17,"created_at":"2020-03-10T04:00:42Z","updated_at":"2021-06-29T12:14:12Z","private_gists":0,"total_private_repos":33,"owned_private_repos":32,"disk_usage":403699,"collaborators":0,"two_factor_authentication":false,"plan":{"name":"free","space":976562499,"collaborators":0,"private_repos":10000}}
[info] 
[info] +  Success! Logged into GitHub as Mart-007 
[info] 
[debug] [2021-07-01T06:08:49.017Z] >>> [apiv2][query] GET https://api.github.com/repos//actions/secrets/public-key type=owner
[debug] [2021-07-01T06:08:49.415Z] <<< [apiv2][status] GET https://api.github.com/repos//actions/secrets/public-key 404
[debug] [2021-07-01T06:08:49.415Z] <<< [apiv2][body] GET https://api.github.com/repos//actions/secrets/public-key {"message":"Not Found","documentation_url":"https://docs.github.com/rest"}
[debug] [2021-07-01T06:09:00.842Z] >>> [apiv2][query] GET https://api.github.com/repos//actions/secrets/public-key type=owner
[debug] [2021-07-01T06:09:01.292Z] <<< [apiv2][status] GET https://api.github.com/repos//actions/secrets/public-key 404
[debug] [2021-07-01T06:09:01.293Z] <<< [apiv2][body] GET https://api.github.com/repos//actions/secrets/public-key {"message":"Not Found","documentation_url":"https://docs.github.com/rest"}
[debug] [2021-07-01T06:09:01.402Z] >>> [apiv2][query] GET https://api.github.com/repos//actions/secrets/public-key type=owner
[debug] [2021-07-01T06:09:01.621Z] >>> [apiv2][query] GET https://api.github.com/repos//actions/secrets/public-key type=owner
[debug] [2021-07-01T06:09:01.770Z] <<< [apiv2][status] GET https://api.github.com/repos//actions/secrets/public-key 404
[debug] [2021-07-01T06:09:01.771Z] <<< [apiv2][body] GET https://api.github.com/repos//actions/secrets/public-key {"message":"Not Found","documentation_url":"https://docs.github.com/rest"}
[debug] [2021-07-01T06:09:02.009Z] <<< [apiv2][status] GET https://api.github.com/repos//actions/secrets/public-key 404
[debug] [2021-07-01T06:09:02.010Z] <<< [apiv2][body] GET https://api.github.com/repos//actions/secrets/public-key {"message":"Not Found","documentation_url":"https://docs.github.com/rest"}
